in: H:\tools\at_picture_0_1_31_1\db\temp\9.sz7
[#<Image:0x1f22ee0
  @md5="9b3abcd8b1b00f54a94138e6c68e4647",
  @path=
   "H:\\tools\\at_picture_0_1_31_1\\db\\adb\\importfiles\\E3BB08406E7A6AC4163ED97ACEC203E4\\gelbooru_354.jpg">,
 #<Image:0x1f22c88
  @md5="a9905704039788f50b13827a9c79de89",
  @path=
   "H:\\tools\\at_picture_0_1_31_1\\db\\adb\\importfiles\\E3BB08406E7A6AC4163ED97ACEC203E4\\gelbooru_8886.jpg">,
 #<Image:0x1f22a30
  @md5="e83f8aa8469eea6a101740c32b4c43bd",
  @path=
   "H:\\tools\\at_picture_0_1_31_1\\db\\adb\\importfiles\\E3BB08406E7A6AC4163ED97ACEC203E4\\gelbooru_12654.jpg">,
 #<Image:0x1f227d8
  @md5="eaa7134fa9b71778dd7bf687d08f4db1",
  @path=
   "H:\\tools\\at_picture_0_1_31_1\\db\\adb\\importfiles\\E3BB08406E7A6AC4163ED97ACEC203E4\\gelbooru_17117.jpg">,
 #<Image:0x1f22580
  @md5="779ca1fdaaa3383db0fafd8d66655c84",
  @path=
   "H:\\tools\\at_picture_0_1_31_1\\db\\adb\\importfiles\\E3BB08406E7A6AC4163ED97ACEC203E4\\gelbooru_19508.jpg">,
 #<Image:0x1f22328
  @md5="0845f7b543a202ce5537fe4f34a1bf11",
  @path=
   "H:\\tools\\at_picture_0_1_31_1\\db\\adb\\importfiles\\E3BB08406E7A6AC4163ED97ACEC203E4\\gelbooru_32901.jpg">,
 #<Image:0x1f220d0
  @md5="849134f63c80094308badc8083c71a37",
  @path=
   "H:\\tools\\at_picture_0_1_31_1\\db\\adb\\importfiles\\E3BB08406E7A6AC4163ED97ACEC203E4\\gelbooru_32956.jpg">,
 #<Image:0x1f21e78
  @md5="62fad71ccb72720382f99feb66934000",
  @path=
   "H:\\tools\\at_picture_0_1_31_1\\db\\adb\\importfiles\\E3BB08406E7A6AC4163ED97ACEC203E4\\gelbooru_39109.png">,
 #<Image:0x1f21c20
  @md5="51677fcfa5e2dd4291acf68143c31e3a",
  @path=
   "H:\\tools\\at_picture_0_1_31_1\\db\\adb\\importfiles\\E3BB08406E7A6AC4163ED97ACEC203E4\\gelbooru_54065.jpg">,
 #<Image:0x1f219c8
  @md5="9a2a8d418393340f77ce5bbf3e6bcbcb",
  @path=
   "H:\\tools\\at_picture_0_1_31_1\\db\\adb\\importfiles\\E3BB08406E7A6AC4163ED97ACEC203E4\\gelbooru_54778.jpg">,
 #<Image:0x1f21770
  @md5="76b90a74844f756d2bcc2e6a6947f8cc",
  @path=
   "H:\\tools\\at_picture_0_1_31_1\\db\\adb\\importfiles\\E3BB08406E7A6AC4163ED97ACEC203E4\\gelbooru_62947.jpg">,
 #<Image:0x1f21260
  @md5="39c6c628c5b22465d2f9d6d235b6cbd7",
  @path="N:\\gelbooru\\search\\features\\【buruma_pull】\\gelbooru_64632.jpg">,
 #<Image:0x16487a0
  @md5="39C6C628C5B22465D2F9D6D235B6CBD7",
  @path=
   "H:\\tools\\at_picture_0_1_31_1\\db\\adb\\importfiles\\83E7E7355D316063010169A6E266FB39\\gelbooru_64632_aba89d3b2e6571df068b2e0492477131d210b9c1.jpg">,
 #<Image:0x1f20f78
  @md5="c301fa509146ece17444d861d01d520e",
  @path="N:\\gelbooru\\search\\features\\【buruma_pull】\\gelbooru_69336.jpg">,
 #<Image:0x1f20d20
  @md5="c301fa509146ece17444d861d01d520e",
  @path=
   "H:\\tools\\at_picture_0_1_31_1\\db\\adb\\importfiles\\700424A70495D77B4501D25095BBDA89\\gelbooru_69336.jpg">,
 #<Image:0x1f20ac8
  @md5="e3bbbd66c9ab4ba83d0e824727ddb64c",
  @path=
   "H:\\tools\\at_picture_0_1_31_1\\db\\adb\\importfiles\\E3BB08406E7A6AC4163ED97ACEC203E4\\gelbooru_90521.jpg">,
 #<Image:0x1f20870
  @md5="de238e473f88f1ba475349ed93e49361",
  @path=
   "H:\\tools\\at_picture_0_1_31_1\\db\\adb\\importfiles\\E3BB08406E7A6AC4163ED97ACEC203E4\\gelbooru_91796.jpg">,
 #<Image:0x1f20618
  @md5="de238e473f88f1ba475349ed93e49361",
  @path=
   "N:\\gelbooru\\search\\chars\\type-moon\\fate_(series)\\illyasviel_von_einzbern\\【illyasviel_von_einzbern】_-ratingsafe_-ratingexplicit_-nipples_-pussy_-photo\\gelbooru_91796.jpg">,
 #<Image:0x1f203c0
  @md5="59d0d2768006f81f27636f6afe674188",
  @path=
   "H:\\tools\\at_picture_0_1_31_1\\db\\adb\\importfiles\\E3BB08406E7A6AC4163ED97ACEC203E4\\gelbooru_93574.jpg">,
 #<Image:0x1f20168
  @md5="7c23288fb25c52cc6beac61bb2b7280a",
  @path=
   "H:\\tools\\at_picture_0_1_31_1\\db\\adb\\importfiles\\E3BB08406E7A6AC4163ED97ACEC203E4\\gelbooru_95847.png">,
 #<Image:0x1f6fed8
  @md5="f139eebab39776a2f9c80426a9eed164",
  @path=
   "H:\\tools\\at_picture_0_1_31_1\\db\\adb\\importfiles\\E3BB08406E7A6AC4163ED97ACEC203E4\\gelbooru_96121.jpg">,
 #<Image:0x1f6fc80
  @md5="e987831143f275afcb6655a922967e72",
  @path=
   "H:\\tools\\at_picture_0_1_31_1\\db\\adb\\importfiles\\E3BB08406E7A6AC4163ED97ACEC203E4\\gelbooru_136892.jpg">,
 #<Image:0x1f6fa28
  @md5="0797aef3b434596da50f0d0b6f8781dc",
  @path=
   "H:\\tools\\at_picture_0_1_31_1\\db\\adb\\importfiles\\E3BB08406E7A6AC4163ED97ACEC203E4\\gelbooru_148945.jpg">,
 #<Image:0x1f6f7d0
  @md5="c7d96b49010c4af6d13f059a0c4524f5",
  @path=
   "H:\\tools\\at_picture_0_1_31_1\\db\\adb\\importfiles\\E3BB08406E7A6AC4163ED97ACEC203E4\\gelbooru_159805.jpg">,
 #<Image:0x1f6f578
  @md5="416c728d5bc9741af5fdbffc40353af7",
  @path=
   "H:\\tools\\at_picture_0_1_31_1\\db\\adb\\importfiles\\E3BB08406E7A6AC4163ED97ACEC203E4\\gelbooru_202527.jpg">,
 #<Image:0x1f6f320
  @md5="e8bfff74cf9f09834ae85976c8456c5e",
  @path=
   "H:\\tools\\at_picture_0_1_31_1\\db\\adb\\importfiles\\E3BB08406E7A6AC4163ED97ACEC203E4\\gelbooru_205843.png">,
 #<Image:0x1f6f0c8
  @md5="87c05ec408f31e9ba9b3a2bfd0eaaf20",
  @path=
   "H:\\tools\\at_picture_0_1_31_1\\db\\adb\\importfiles\\E3BB08406E7A6AC4163ED97ACEC203E4\\gelbooru_249476.jpg">,
 #<Image:0x1f6ee70
  @md5="791312c008e3febcdeee78ca02b1309c",
  @path=
   "H:\\tools\\at_picture_0_1_31_1\\db\\adb\\importfiles\\E3BB08406E7A6AC4163ED97ACEC203E4\\gelbooru_279967.jpg">,
 #<Image:0x1f6ec18
  @md5="6730f4b878c8cd23ff5d150794787809",
  @path=
   "H:\\tools\\at_picture_0_1_31_1\\db\\adb\\importfiles\\E3BB08406E7A6AC4163ED97ACEC203E4\\gelbooru_280633.jpg">,
 #<Image:0x1f6e9c0
  @md5="1595de80b9bdecc38fbff13b11082e0f",
  @path=
   "H:\\tools\\at_picture_0_1_31_1\\db\\adb\\importfiles\\E3BB08406E7A6AC4163ED97ACEC203E4\\gelbooru_319184.jpg">,
 #<Image:0x1f6e768
  @md5="645c1edb2d539994921c6204a4a87261",
  @path="N:\\gelbooru\\search\\features\\【buruma_pull】\\gelbooru_352826.jpg">,
 #<Image:0x1d01d38
  @md5="645c1edb2d539994921c6204a4a87261",
  @path=
   "H:\\tools\\at_picture_0_1_31_1\\db\\adb\\importfiles\\F90DF856D0565E9DF96E08B67D912B57\\gelbooru_352826.jpg">,
 #<Image:0x1f6e480
  @md5="b69854454a3ce6200aee5a2998dfc5c6",
  @path=
   "H:\\tools\\at_picture_0_1_31_1\\db\\adb\\importfiles\\E3BB08406E7A6AC4163ED97ACEC203E4\\gelbooru_401774.jpg">,
 #<Image:0x1f6e228
  @md5="7471b184aa35a4b4e08bd7438048400a",
  @path=
   "H:\\tools\\at_picture_0_1_31_1\\db\\adb\\importfiles\\E3BB08406E7A6AC4163ED97ACEC203E4\\gelbooru_412272.jpg">,
 #<Image:0x1f6dfd0
  @md5="791ad0d11abfabeb2820185f9eacbda9",
  @path=
   "H:\\tools\\at_picture_0_1_31_1\\db\\adb\\importfiles\\E3BB08406E7A6AC4163ED97ACEC203E4\\gelbooru_430466.jpg">,
 #<Image:0x1f6dd78
  @md5="e2327f2aa60737b3502892842c190afc",
  @path=
   "H:\\tools\\at_picture_0_1_31_1\\db\\adb\\importfiles\\E3BB08406E7A6AC4163ED97ACEC203E4\\gelbooru_430771.jpg">,
 #<Image:0x1f6db20
  @md5="07a433bc35d3986ec4db29c2f2970ca6",
  @path=
   "H:\\tools\\at_picture_0_1_31_1\\db\\adb\\importfiles\\E3BB08406E7A6AC4163ED97ACEC203E4\\gelbooru_432130.jpg">,
 #<Image:0x1f6d8c8
  @md5="14fff9563da1f6f6263fac5abbbad2c3",
  @path=
   "H:\\tools\\at_picture_0_1_31_1\\db\\adb\\importfiles\\E3BB08406E7A6AC4163ED97ACEC203E4\\gelbooru_452564.jpg">,
 #<Image:0x1f6d670
  @md5="ee7d6de1851d1aee17380320e5cd037a",
  @path=
   "H:\\tools\\at_picture_0_1_31_1\\db\\adb\\importfiles\\E3BB08406E7A6AC4163ED97ACEC203E4\\gelbooru_477635.jpg">,
 #<Image:0x1f6d418
  @md5="2dce1f5a632624559f1e05b12998980d",
  @path=
   "H:\\tools\\at_picture_0_1_31_1\\db\\adb\\importfiles\\E3BB08406E7A6AC4163ED97ACEC203E4\\gelbooru_491685.jpg">,
 #<Image:0x1f6d1c0
  @md5="2a9af3133d47d84f761bc70d6d155322",
  @path=
   "H:\\tools\\at_picture_0_1_31_1\\db\\adb\\importfiles\\E3BB08406E7A6AC4163ED97ACEC203E4\\gelbooru_509825.jpeg">,
 #<Image:0x1f6cf68
  @md5="fc385c12ae811e38beedc36408589c11",
  @path=
   "H:\\tools\\at_picture_0_1_31_1\\db\\adb\\importfiles\\E3BB08406E7A6AC4163ED97ACEC203E4\\gelbooru_513682.jpg">,
 #<Image:0x1f6cd10
  @md5="8c665c713bdaec05bd7c5a73c65a99fe",
  @path=
   "H:\\tools\\at_picture_0_1_31_1\\db\\adb\\importfiles\\E3BB08406E7A6AC4163ED97ACEC203E4\\gelbooru_582960.jpg">,
 #<Image:0x1f6cab8
  @md5="5e4597c50fab91795054a59fe3971a55",
  @path=
   "H:\\tools\\at_picture_0_1_31_1\\db\\adb\\importfiles\\E3BB08406E7A6AC4163ED97ACEC203E4\\gelbooru_686907.png">,
 #<Image:0x1f6c860
  @md5="7fb55df08a8e093928c0725460c6567a",
  @path=
   "H:\\tools\\at_picture_0_1_31_1\\db\\adb\\importfiles\\E3BB08406E7A6AC4163ED97ACEC203E4\\gelbooru_798183.jpg">,
 #<Image:0x1f6c608
  @md5="81ad3e535f587952a3f6b2dad49be0c4",
  @path=
   "H:\\tools\\at_picture_0_1_31_1\\db\\adb\\importfiles\\E3BB08406E7A6AC4163ED97ACEC203E4\\gelbooru_930600.jpg">,
 #<Image:0x1f6c3b0
  @md5="658e38499e7d584b8a9111290108eb56",
  @path=
   "H:\\tools\\at_picture_0_1_31_1\\db\\adb\\importfiles\\E3BB08406E7A6AC4163ED97ACEC203E4\\gelbooru_1032815.jpg">,
 #<Image:0x1f6c158
  @md5="22d1750c2b79eae078eaa4ba822159dc",
  @path=
   "H:\\tools\\at_picture_0_1_31_1\\db\\adb\\importfiles\\E3BB08406E7A6AC4163ED97ACEC203E4\\gelbooru_1041886.png">,
 #<Image:0x1fe3eb8
  @md5="5581b68aa8325499431de4a6119182e2",
  @path=
   "H:\\tools\\at_picture_0_1_31_1\\db\\adb\\importfiles\\E3BB08406E7A6AC4163ED97ACEC203E4\\gelbooru_1058530.jpg">,
 #<Image:0x1fe3c60
  @md5="1f8154ace0484b5697da59c89dafc3a6",
  @path=
   "H:\\tools\\at_picture_0_1_31_1\\db\\adb\\importfiles\\E3BB08406E7A6AC4163ED97ACEC203E4\\gelbooru_1074117.jpeg">,
 #<Image:0x1fe3a08
  @md5="b23346fcdf97754857162b77cc830dba",
  @path=
   "H:\\tools\\at_picture_0_1_31_1\\db\\adb\\importfiles\\E3BB08406E7A6AC4163ED97ACEC203E4\\gelbooru_1126998.jpg">,
 #<Image:0x1fe37b0
  @md5="91a4eb16d6e54b5957062695fd928a27",
  @path=
   "H:\\tools\\at_picture_0_1_31_1\\db\\adb\\importfiles\\E3BB08406E7A6AC4163ED97ACEC203E4\\gelbooru_1131041.jpg">,
 #<Image:0x1fe3558
  @md5="20f01b615a9c7570d048a0ecce8fa92c",
  @path=
   "H:\\tools\\at_picture_0_1_31_1\\db\\adb\\importfiles\\E3BB08406E7A6AC4163ED97ACEC203E4\\gelbooru_1132957.jpeg">,
 #<Image:0x1fe3300
  @md5="4bddbfa903315eed47368ad28e8e47da",
  @path=
   "H:\\tools\\at_picture_0_1_31_1\\db\\adb\\importfiles\\E3BB08406E7A6AC4163ED97ACEC203E4\\gelbooru_1147438.jpg">,
 #<Image:0x1fe30a8
  @md5="90bd57d28053430246890914e3254762",
  @path=
   "H:\\tools\\at_picture_0_1_31_1\\db\\adb\\importfiles\\E3BB08406E7A6AC4163ED97ACEC203E4\\gelbooru_1173904.jpeg">,
 #<Image:0x1fe2e50
  @md5="03cb0e68be46f1d47e49a486b90d7612",
  @path=
   "H:\\tools\\at_picture_0_1_31_1\\db\\adb\\importfiles\\E3BB08406E7A6AC4163ED97ACEC203E4\\gelbooru_1196245.jpg">,
 #<Image:0x1fe2bf8
  @md5="fb537a0c4985b85518f057c46fe13b1a",
  @path=
   "H:\\tools\\at_picture_0_1_31_1\\db\\adb\\importfiles\\E3BB08406E7A6AC4163ED97ACEC203E4\\gelbooru_1196251.jpg">,
 #<Image:0x1fe29a0
  @md5="688c014f2f6b8ac47c6de0c4cfeb643f",
  @path=
   "H:\\tools\\at_picture_0_1_31_1\\db\\adb\\importfiles\\E3BB08406E7A6AC4163ED97ACEC203E4\\gelbooru_1265957.jpg">,
 #<Image:0x1fe2748
  @md5="65b43dbde9377b20f236a7bf09c44e7f",
  @path=
   "H:\\tools\\at_picture_0_1_31_1\\db\\adb\\importfiles\\E3BB08406E7A6AC4163ED97ACEC203E4\\gelbooru_1275116.jpg">,
 #<Image:0x1fe24f0
  @md5="65b43dbde9377b20f236a7bf09c44e7f",
  @path=
   "N:\\gelbooru\\search\\chars\\type-moon\\fate_(series)\\illyasviel_von_einzbern\\【illyasviel_von_einzbern】_-ratingsafe_-ratingexplicit_-nipples_-pussy_-photo\\gelbooru_1275116.jpg">,
 #<Image:0x1fe2298
  @md5="b44cab1de219d9b265daa6a6d385d4d3",
  @path=
   "H:\\tools\\at_picture_0_1_31_1\\db\\adb\\importfiles\\E3BB08406E7A6AC4163ED97ACEC203E4\\gelbooru_1339116.jpg">,
 #<Image:0x1fe2040
  @md5="2ecdcd7916789db22a39b4225ec163e2",
  @path=
   "H:\\tools\\at_picture_0_1_31_1\\db\\adb\\importfiles\\E3BB08406E7A6AC4163ED97ACEC203E4\\gelbooru_1383328.jpg">,
 #<Image:0x1fe1de8
  @md5="50092451eda62b5f271b93473563001f",
  @path=
   "H:\\tools\\at_picture_0_1_31_1\\db\\adb\\importfiles\\E3BB08406E7A6AC4163ED97ACEC203E4\\gelbooru_1385377.png">,
 #<Image:0x1fe1b90
  @md5="68ce0584f065a6ea9eb8e8d2f961df62",
  @path=
   "H:\\tools\\at_picture_0_1_31_1\\db\\adb\\importfiles\\E3BB08406E7A6AC4163ED97ACEC203E4\\gelbooru_1441818.png">,
 #<Image:0x1fe1938
  @md5="b6d4e255931c8a9451dfc44fd2cdb740",
  @path=
   "H:\\tools\\at_picture_0_1_31_1\\db\\adb\\importfiles\\E3BB08406E7A6AC4163ED97ACEC203E4\\gelbooru_1599740.jpg">,
 #<Image:0x1fe16e0
  @md5="b659fbfa167ff51ea25e73579651b1cd",
  @path=
   "H:\\tools\\at_picture_0_1_31_1\\db\\adb\\importfiles\\E3BB08406E7A6AC4163ED97ACEC203E4\\gelbooru_1630571.jpeg">,
 #<Image:0x1fe1488
  @md5="80e02b2ec3ada70e9bf6742d48976956",
  @path=
   "H:\\tools\\at_picture_0_1_31_1\\db\\adb\\importfiles\\E3BB08406E7A6AC4163ED97ACEC203E4\\gelbooru_1735418.jpg">,
 #<Image:0x1fe1230
  @md5="e448ae8e621d2a6c4a3887d328ea425b",
  @path=
   "H:\\tools\\at_picture_0_1_31_1\\db\\adb\\importfiles\\E3BB08406E7A6AC4163ED97ACEC203E4\\gelbooru_1746401.jpg">,
 #<Image:0x1fe0fd8
  @md5="2ef0f4057c4c24aa3f89e00c0784ea70",
  @path=
   "H:\\tools\\at_picture_0_1_31_1\\db\\adb\\importfiles\\E3BB08406E7A6AC4163ED97ACEC203E4\\gelbooru_1749955.jpg">,
 #<Image:0x1fe0d80
  @md5="8bcacfada4c40d50bd631b5a136ba8cb",
  @path=
   "H:\\tools\\at_picture_0_1_31_1\\db\\adb\\importfiles\\E3BB08406E7A6AC4163ED97ACEC203E4\\gelbooru_1793988.jpg">,
 #<Image:0x1fe0b28
  @md5="23620e8b2262e7cc9a9ee03297a888ec",
  @path=
   "H:\\tools\\at_picture_0_1_31_1\\db\\adb\\importfiles\\E3BB08406E7A6AC4163ED97ACEC203E4\\gelbooru_1794493.jpg">,
 #<Image:0x1fe08d0
  @md5="12b945aec4932527a4c21c65eb4703d6",
  @path=
   "H:\\tools\\at_picture_0_1_31_1\\db\\adb\\importfiles\\E3BB08406E7A6AC4163ED97ACEC203E4\\gelbooru_1802563.jpeg">,
 #<Image:0x1fe0678
  @md5="c7500d54658e96b50591d0713b2681a1",
  @path=
   "H:\\tools\\at_picture_0_1_31_1\\db\\adb\\importfiles\\E3BB08406E7A6AC4163ED97ACEC203E4\\gelbooru_1824502.png">,
 #<Image:0x1fe0420
  @md5="4275881e95cbbf6d728502fac82fc84f",
  @path=
   "H:\\tools\\at_picture_0_1_31_1\\db\\adb\\importfiles\\E3BB08406E7A6AC4163ED97ACEC203E4\\gelbooru_1976419.jpg">,
 #<Image:0x003bdd8
  @md5="5386a8edf9d8d8e8db30e4d0d748b635",
  @path=
   "H:\\tools\\at_picture_0_1_31_1\\db\\adb\\importfiles\\E3BB08406E7A6AC4163ED97ACEC203E4\\gelbooru_1985080.png">,
 #<Image:0x003ab30
  @md5="faffc21457ad403e6698de2f0f24b58e",
  @path=
   "H:\\tools\\at_picture_0_1_31_1\\db\\adb\\importfiles\\E3BB08406E7A6AC4163ED97ACEC203E4\\gelbooru_2051522.jpg">,
 #<Image:0x0039990
  @md5="7ce212f4903e19ebc0b3bc31a0620044",
  @path=
   "H:\\tools\\at_picture_0_1_31_1\\db\\adb\\importfiles\\E3BB08406E7A6AC4163ED97ACEC203E4\\gelbooru_2078446.jpg">,
 #<Image:0x0038ce8
  @md5="34a342a0e5ea3fa3c6cee0010cddf700",
  @path=
   "H:\\tools\\at_picture_0_1_31_1\\db\\adb\\importfiles\\E3BB08406E7A6AC4163ED97ACEC203E4\\gelbooru_2087598.jpg">,
 #<Image:0x0bb7fa0
  @md5="c0b0b747147cbc8f914b5c071864e057",
  @path=
   "H:\\tools\\at_picture_0_1_31_1\\db\\adb\\importfiles\\E3BB08406E7A6AC4163ED97ACEC203E4\\gelbooru_2110917.jpg">,
 #<Image:0x0bb6290
  @md5="1b2c8cb6e7feaafe6916faed6f6fd82c",
  @path=
   "N:\\gelbooru\\search\\features\\【buruma_pull】\\gelbooru_2241175.jpeg">,
 #<Image:0x0bb48b0
  @md5="2a18ebc24656a26c5e0cfd683b7ba2bc",
  @path=
   "H:\\tools\\at_picture_0_1_31_1\\db\\adb\\importfiles\\E3BB08406E7A6AC4163ED97ACEC203E4\\gelbooru_2279713.jpg">,
 #<Image:0x0bbf2f0
  @md5="1b2c8cb6e7feaafe6916faed6f6fd82c",
  @path=
   "H:\\tools\\at_picture_0_1_31_1\\db\\adb\\importfiles\\5CDD7164F4370F00F541F6072F28776C\\mr6209.jpg">]
{"9b3abcd8b1b00f54a94138e6c68e4647"=>
  #<Image:0x1f22ee0
   @md5="9b3abcd8b1b00f54a94138e6c68e4647",
   @path=
    "H:\\tools\\at_picture_0_1_31_1\\db\\adb\\importfiles\\E3BB08406E7A6AC4163ED97ACEC203E4\\gelbooru_354.jpg">,
 "a9905704039788f50b13827a9c79de89"=>
  #<Image:0x1f22c88
   @md5="a9905704039788f50b13827a9c79de89",
   @path=
    "H:\\tools\\at_picture_0_1_31_1\\db\\adb\\importfiles\\E3BB08406E7A6AC4163ED97ACEC203E4\\gelbooru_8886.jpg">,
 "e83f8aa8469eea6a101740c32b4c43bd"=>
  #<Image:0x1f22a30
   @md5="e83f8aa8469eea6a101740c32b4c43bd",
   @path=
    "H:\\tools\\at_picture_0_1_31_1\\db\\adb\\importfiles\\E3BB08406E7A6AC4163ED97ACEC203E4\\gelbooru_12654.jpg">,
 "eaa7134fa9b71778dd7bf687d08f4db1"=>
  #<Image:0x1f227d8
   @md5="eaa7134fa9b71778dd7bf687d08f4db1",
   @path=
    "H:\\tools\\at_picture_0_1_31_1\\db\\adb\\importfiles\\E3BB08406E7A6AC4163ED97ACEC203E4\\gelbooru_17117.jpg">,
 "779ca1fdaaa3383db0fafd8d66655c84"=>
  #<Image:0x1f22580
   @md5="779ca1fdaaa3383db0fafd8d66655c84",
   @path=
    "H:\\tools\\at_picture_0_1_31_1\\db\\adb\\importfiles\\E3BB08406E7A6AC4163ED97ACEC203E4\\gelbooru_19508.jpg">,
 "0845f7b543a202ce5537fe4f34a1bf11"=>
  #<Image:0x1f22328
   @md5="0845f7b543a202ce5537fe4f34a1bf11",
   @path=
    "H:\\tools\\at_picture_0_1_31_1\\db\\adb\\importfiles\\E3BB08406E7A6AC4163ED97ACEC203E4\\gelbooru_32901.jpg">,
 "849134f63c80094308badc8083c71a37"=>
  #<Image:0x1f220d0
   @md5="849134f63c80094308badc8083c71a37",
   @path=
    "H:\\tools\\at_picture_0_1_31_1\\db\\adb\\importfiles\\E3BB08406E7A6AC4163ED97ACEC203E4\\gelbooru_32956.jpg">,
 "62fad71ccb72720382f99feb66934000"=>
  #<Image:0x1f21e78
   @md5="62fad71ccb72720382f99feb66934000",
   @path=
    "H:\\tools\\at_picture_0_1_31_1\\db\\adb\\importfiles\\E3BB08406E7A6AC4163ED97ACEC203E4\\gelbooru_39109.png">,
 "51677fcfa5e2dd4291acf68143c31e3a"=>
  #<Image:0x1f21c20
   @md5="51677fcfa5e2dd4291acf68143c31e3a",
   @path=
    "H:\\tools\\at_picture_0_1_31_1\\db\\adb\\importfiles\\E3BB08406E7A6AC4163ED97ACEC203E4\\gelbooru_54065.jpg">,
 "9a2a8d418393340f77ce5bbf3e6bcbcb"=>
  #<Image:0x1f219c8
   @md5="9a2a8d418393340f77ce5bbf3e6bcbcb",
   @path=
    "H:\\tools\\at_picture_0_1_31_1\\db\\adb\\importfiles\\E3BB08406E7A6AC4163ED97ACEC203E4\\gelbooru_54778.jpg">,
 "76b90a74844f756d2bcc2e6a6947f8cc"=>
  #<Image:0x1f21770
   @md5="76b90a74844f756d2bcc2e6a6947f8cc",
   @path=
    "H:\\tools\\at_picture_0_1_31_1\\db\\adb\\importfiles\\E3BB08406E7A6AC4163ED97ACEC203E4\\gelbooru_62947.jpg">,
 "39c6c628c5b22465d2f9d6d235b6cbd7"=>
  #<Image:0x1f21260
   @md5="39c6c628c5b22465d2f9d6d235b6cbd7",
   @path="N:\\gelbooru\\search\\features\\【buruma_pull】\\gelbooru_64632.jpg">,
 "39C6C628C5B22465D2F9D6D235B6CBD7"=>
  #<Image:0x16487a0
   @md5="39C6C628C5B22465D2F9D6D235B6CBD7",
   @path=
    "H:\\tools\\at_picture_0_1_31_1\\db\\adb\\importfiles\\83E7E7355D316063010169A6E266FB39\\gelbooru_64632_aba89d3b2e6571df068b2e0492477131d210b9c1.jpg">,
 "c301fa509146ece17444d861d01d520e"=>
  #<Image:0x1f20d20
   @md5="c301fa509146ece17444d861d01d520e",
   @path=
    "H:\\tools\\at_picture_0_1_31_1\\db\\adb\\importfiles\\700424A70495D77B4501D25095BBDA89\\gelbooru_69336.jpg">,
 "e3bbbd66c9ab4ba83d0e824727ddb64c"=>
  #<Image:0x1f20ac8
   @md5="e3bbbd66c9ab4ba83d0e824727ddb64c",
   @path=
    "H:\\tools\\at_picture_0_1_31_1\\db\\adb\\importfiles\\E3BB08406E7A6AC4163ED97ACEC203E4\\gelbooru_90521.jpg">,
 "de238e473f88f1ba475349ed93e49361"=>
  #<Image:0x1f20870
   @md5="de238e473f88f1ba475349ed93e49361",
   @path=
    "H:\\tools\\at_picture_0_1_31_1\\db\\adb\\importfiles\\E3BB08406E7A6AC4163ED97ACEC203E4\\gelbooru_91796.jpg">,
 "59d0d2768006f81f27636f6afe674188"=>
  #<Image:0x1f203c0
   @md5="59d0d2768006f81f27636f6afe674188",
   @path=
    "H:\\tools\\at_picture_0_1_31_1\\db\\adb\\importfiles\\E3BB08406E7A6AC4163ED97ACEC203E4\\gelbooru_93574.jpg">,
 "7c23288fb25c52cc6beac61bb2b7280a"=>
  #<Image:0x1f20168
   @md5="7c23288fb25c52cc6beac61bb2b7280a",
   @path=
    "H:\\tools\\at_picture_0_1_31_1\\db\\adb\\importfiles\\E3BB08406E7A6AC4163ED97ACEC203E4\\gelbooru_95847.png">,
 "f139eebab39776a2f9c80426a9eed164"=>
  #<Image:0x1f6fed8
   @md5="f139eebab39776a2f9c80426a9eed164",
   @path=
    "H:\\tools\\at_picture_0_1_31_1\\db\\adb\\importfiles\\E3BB08406E7A6AC4163ED97ACEC203E4\\gelbooru_96121.jpg">,
 "e987831143f275afcb6655a922967e72"=>
  #<Image:0x1f6fc80
   @md5="e987831143f275afcb6655a922967e72",
   @path=
    "H:\\tools\\at_picture_0_1_31_1\\db\\adb\\importfiles\\E3BB08406E7A6AC4163ED97ACEC203E4\\gelbooru_136892.jpg">,
 "0797aef3b434596da50f0d0b6f8781dc"=>
  #<Image:0x1f6fa28
   @md5="0797aef3b434596da50f0d0b6f8781dc",
   @path=
    "H:\\tools\\at_picture_0_1_31_1\\db\\adb\\importfiles\\E3BB08406E7A6AC4163ED97ACEC203E4\\gelbooru_148945.jpg">,
 "c7d96b49010c4af6d13f059a0c4524f5"=>
  #<Image:0x1f6f7d0
   @md5="c7d96b49010c4af6d13f059a0c4524f5",
   @path=
    "H:\\tools\\at_picture_0_1_31_1\\db\\adb\\importfiles\\E3BB08406E7A6AC4163ED97ACEC203E4\\gelbooru_159805.jpg">,
 "416c728d5bc9741af5fdbffc40353af7"=>
  #<Image:0x1f6f578
   @md5="416c728d5bc9741af5fdbffc40353af7",
   @path=
    "H:\\tools\\at_picture_0_1_31_1\\db\\adb\\importfiles\\E3BB08406E7A6AC4163ED97ACEC203E4\\gelbooru_202527.jpg">,
 "e8bfff74cf9f09834ae85976c8456c5e"=>
  #<Image:0x1f6f320
   @md5="e8bfff74cf9f09834ae85976c8456c5e",
   @path=
    "H:\\tools\\at_picture_0_1_31_1\\db\\adb\\importfiles\\E3BB08406E7A6AC4163ED97ACEC203E4\\gelbooru_205843.png">,
 "87c05ec408f31e9ba9b3a2bfd0eaaf20"=>
  #<Image:0x1f6f0c8
   @md5="87c05ec408f31e9ba9b3a2bfd0eaaf20",
   @path=
    "H:\\tools\\at_picture_0_1_31_1\\db\\adb\\importfiles\\E3BB08406E7A6AC4163ED97ACEC203E4\\gelbooru_249476.jpg">,
 "791312c008e3febcdeee78ca02b1309c"=>
  #<Image:0x1f6ee70
   @md5="791312c008e3febcdeee78ca02b1309c",
   @path=
    "H:\\tools\\at_picture_0_1_31_1\\db\\adb\\importfiles\\E3BB08406E7A6AC4163ED97ACEC203E4\\gelbooru_279967.jpg">,
 "6730f4b878c8cd23ff5d150794787809"=>
  #<Image:0x1f6ec18
   @md5="6730f4b878c8cd23ff5d150794787809",
   @path=
    "H:\\tools\\at_picture_0_1_31_1\\db\\adb\\importfiles\\E3BB08406E7A6AC4163ED97ACEC203E4\\gelbooru_280633.jpg">,
 "1595de80b9bdecc38fbff13b11082e0f"=>
  #<Image:0x1f6e9c0
   @md5="1595de80b9bdecc38fbff13b11082e0f",
   @path=
    "H:\\tools\\at_picture_0_1_31_1\\db\\adb\\importfiles\\E3BB08406E7A6AC4163ED97ACEC203E4\\gelbooru_319184.jpg">,
 "645c1edb2d539994921c6204a4a87261"=>
  #<Image:0x1d01d38
   @md5="645c1edb2d539994921c6204a4a87261",
   @path=
    "H:\\tools\\at_picture_0_1_31_1\\db\\adb\\importfiles\\F90DF856D0565E9DF96E08B67D912B57\\gelbooru_352826.jpg">,
 "b69854454a3ce6200aee5a2998dfc5c6"=>
  #<Image:0x1f6e480
   @md5="b69854454a3ce6200aee5a2998dfc5c6",
   @path=
    "H:\\tools\\at_picture_0_1_31_1\\db\\adb\\importfiles\\E3BB08406E7A6AC4163ED97ACEC203E4\\gelbooru_401774.jpg">,
 "7471b184aa35a4b4e08bd7438048400a"=>
  #<Image:0x1f6e228
   @md5="7471b184aa35a4b4e08bd7438048400a",
   @path=
    "H:\\tools\\at_picture_0_1_31_1\\db\\adb\\importfiles\\E3BB08406E7A6AC4163ED97ACEC203E4\\gelbooru_412272.jpg">,
 "791ad0d11abfabeb2820185f9eacbda9"=>
  #<Image:0x1f6dfd0
   @md5="791ad0d11abfabeb2820185f9eacbda9",
   @path=
    "H:\\tools\\at_picture_0_1_31_1\\db\\adb\\importfiles\\E3BB08406E7A6AC4163ED97ACEC203E4\\gelbooru_430466.jpg">,
 "e2327f2aa60737b3502892842c190afc"=>
  #<Image:0x1f6dd78
   @md5="e2327f2aa60737b3502892842c190afc",
   @path=
    "H:\\tools\\at_picture_0_1_31_1\\db\\adb\\importfiles\\E3BB08406E7A6AC4163ED97ACEC203E4\\gelbooru_430771.jpg">,
 "07a433bc35d3986ec4db29c2f2970ca6"=>
  #<Image:0x1f6db20
   @md5="07a433bc35d3986ec4db29c2f2970ca6",
   @path=
    "H:\\tools\\at_picture_0_1_31_1\\db\\adb\\importfiles\\E3BB08406E7A6AC4163ED97ACEC203E4\\gelbooru_432130.jpg">,
 "14fff9563da1f6f6263fac5abbbad2c3"=>
  #<Image:0x1f6d8c8
   @md5="14fff9563da1f6f6263fac5abbbad2c3",
   @path=
    "H:\\tools\\at_picture_0_1_31_1\\db\\adb\\importfiles\\E3BB08406E7A6AC4163ED97ACEC203E4\\gelbooru_452564.jpg">,
 "ee7d6de1851d1aee17380320e5cd037a"=>
  #<Image:0x1f6d670
   @md5="ee7d6de1851d1aee17380320e5cd037a",
   @path=
    "H:\\tools\\at_picture_0_1_31_1\\db\\adb\\importfiles\\E3BB08406E7A6AC4163ED97ACEC203E4\\gelbooru_477635.jpg">,
 "2dce1f5a632624559f1e05b12998980d"=>
  #<Image:0x1f6d418
   @md5="2dce1f5a632624559f1e05b12998980d",
   @path=
    "H:\\tools\\at_picture_0_1_31_1\\db\\adb\\importfiles\\E3BB08406E7A6AC4163ED97ACEC203E4\\gelbooru_491685.jpg">,
 "2a9af3133d47d84f761bc70d6d155322"=>
  #<Image:0x1f6d1c0
   @md5="2a9af3133d47d84f761bc70d6d155322",
   @path=
    "H:\\tools\\at_picture_0_1_31_1\\db\\adb\\importfiles\\E3BB08406E7A6AC4163ED97ACEC203E4\\gelbooru_509825.jpeg">,
 "fc385c12ae811e38beedc36408589c11"=>
  #<Image:0x1f6cf68
   @md5="fc385c12ae811e38beedc36408589c11",
   @path=
    "H:\\tools\\at_picture_0_1_31_1\\db\\adb\\importfiles\\E3BB08406E7A6AC4163ED97ACEC203E4\\gelbooru_513682.jpg">,
 "8c665c713bdaec05bd7c5a73c65a99fe"=>
  #<Image:0x1f6cd10
   @md5="8c665c713bdaec05bd7c5a73c65a99fe",
   @path=
    "H:\\tools\\at_picture_0_1_31_1\\db\\adb\\importfiles\\E3BB08406E7A6AC4163ED97ACEC203E4\\gelbooru_582960.jpg">,
 "5e4597c50fab91795054a59fe3971a55"=>
  #<Image:0x1f6cab8
   @md5="5e4597c50fab91795054a59fe3971a55",
   @path=
    "H:\\tools\\at_picture_0_1_31_1\\db\\adb\\importfiles\\E3BB08406E7A6AC4163ED97ACEC203E4\\gelbooru_686907.png">,
 "7fb55df08a8e093928c0725460c6567a"=>
  #<Image:0x1f6c860
   @md5="7fb55df08a8e093928c0725460c6567a",
   @path=
    "H:\\tools\\at_picture_0_1_31_1\\db\\adb\\importfiles\\E3BB08406E7A6AC4163ED97ACEC203E4\\gelbooru_798183.jpg">,
 "81ad3e535f587952a3f6b2dad49be0c4"=>
  #<Image:0x1f6c608
   @md5="81ad3e535f587952a3f6b2dad49be0c4",
   @path=
    "H:\\tools\\at_picture_0_1_31_1\\db\\adb\\importfiles\\E3BB08406E7A6AC4163ED97ACEC203E4\\gelbooru_930600.jpg">,
 "658e38499e7d584b8a9111290108eb56"=>
  #<Image:0x1f6c3b0
   @md5="658e38499e7d584b8a9111290108eb56",
   @path=
    "H:\\tools\\at_picture_0_1_31_1\\db\\adb\\importfiles\\E3BB08406E7A6AC4163ED97ACEC203E4\\gelbooru_1032815.jpg">,
 "22d1750c2b79eae078eaa4ba822159dc"=>
  #<Image:0x1f6c158
   @md5="22d1750c2b79eae078eaa4ba822159dc",
   @path=
    "H:\\tools\\at_picture_0_1_31_1\\db\\adb\\importfiles\\E3BB08406E7A6AC4163ED97ACEC203E4\\gelbooru_1041886.png">,
 "5581b68aa8325499431de4a6119182e2"=>
  #<Image:0x1fe3eb8
   @md5="5581b68aa8325499431de4a6119182e2",
   @path=
    "H:\\tools\\at_picture_0_1_31_1\\db\\adb\\importfiles\\E3BB08406E7A6AC4163ED97ACEC203E4\\gelbooru_1058530.jpg">,
 "1f8154ace0484b5697da59c89dafc3a6"=>
  #<Image:0x1fe3c60
   @md5="1f8154ace0484b5697da59c89dafc3a6",
   @path=
    "H:\\tools\\at_picture_0_1_31_1\\db\\adb\\importfiles\\E3BB08406E7A6AC4163ED97ACEC203E4\\gelbooru_1074117.jpeg">,
 "b23346fcdf97754857162b77cc830dba"=>
  #<Image:0x1fe3a08
   @md5="b23346fcdf97754857162b77cc830dba",
   @path=
    "H:\\tools\\at_picture_0_1_31_1\\db\\adb\\importfiles\\E3BB08406E7A6AC4163ED97ACEC203E4\\gelbooru_1126998.jpg">,
 "91a4eb16d6e54b5957062695fd928a27"=>
  #<Image:0x1fe37b0
   @md5="91a4eb16d6e54b5957062695fd928a27",
   @path=
    "H:\\tools\\at_picture_0_1_31_1\\db\\adb\\importfiles\\E3BB08406E7A6AC4163ED97ACEC203E4\\gelbooru_1131041.jpg">,
 "20f01b615a9c7570d048a0ecce8fa92c"=>
  #<Image:0x1fe3558
   @md5="20f01b615a9c7570d048a0ecce8fa92c",
   @path=
    "H:\\tools\\at_picture_0_1_31_1\\db\\adb\\importfiles\\E3BB08406E7A6AC4163ED97ACEC203E4\\gelbooru_1132957.jpeg">,
 "4bddbfa903315eed47368ad28e8e47da"=>
  #<Image:0x1fe3300
   @md5="4bddbfa903315eed47368ad28e8e47da",
   @path=
    "H:\\tools\\at_picture_0_1_31_1\\db\\adb\\importfiles\\E3BB08406E7A6AC4163ED97ACEC203E4\\gelbooru_1147438.jpg">,
 "90bd57d28053430246890914e3254762"=>
  #<Image:0x1fe30a8
   @md5="90bd57d28053430246890914e3254762",
   @path=
    "H:\\tools\\at_picture_0_1_31_1\\db\\adb\\importfiles\\E3BB08406E7A6AC4163ED97ACEC203E4\\gelbooru_1173904.jpeg">,
 "03cb0e68be46f1d47e49a486b90d7612"=>
  #<Image:0x1fe2e50
   @md5="03cb0e68be46f1d47e49a486b90d7612",
   @path=
    "H:\\tools\\at_picture_0_1_31_1\\db\\adb\\importfiles\\E3BB08406E7A6AC4163ED97ACEC203E4\\gelbooru_1196245.jpg">,
 "fb537a0c4985b85518f057c46fe13b1a"=>
  #<Image:0x1fe2bf8
   @md5="fb537a0c4985b85518f057c46fe13b1a",
   @path=
    "H:\\tools\\at_picture_0_1_31_1\\db\\adb\\importfiles\\E3BB08406E7A6AC4163ED97ACEC203E4\\gelbooru_1196251.jpg">,
 "688c014f2f6b8ac47c6de0c4cfeb643f"=>
  #<Image:0x1fe29a0
   @md5="688c014f2f6b8ac47c6de0c4cfeb643f",
   @path=
    "H:\\tools\\at_picture_0_1_31_1\\db\\adb\\importfiles\\E3BB08406E7A6AC4163ED97ACEC203E4\\gelbooru_1265957.jpg">,
 "65b43dbde9377b20f236a7bf09c44e7f"=>
  #<Image:0x1fe2748
   @md5="65b43dbde9377b20f236a7bf09c44e7f",
   @path=
    "H:\\tools\\at_picture_0_1_31_1\\db\\adb\\importfiles\\E3BB08406E7A6AC4163ED97ACEC203E4\\gelbooru_1275116.jpg">,
 "b44cab1de219d9b265daa6a6d385d4d3"=>
  #<Image:0x1fe2298
   @md5="b44cab1de219d9b265daa6a6d385d4d3",
   @path=
    "H:\\tools\\at_picture_0_1_31_1\\db\\adb\\importfiles\\E3BB08406E7A6AC4163ED97ACEC203E4\\gelbooru_1339116.jpg">,
 "2ecdcd7916789db22a39b4225ec163e2"=>
  #<Image:0x1fe2040
   @md5="2ecdcd7916789db22a39b4225ec163e2",
   @path=
    "H:\\tools\\at_picture_0_1_31_1\\db\\adb\\importfiles\\E3BB08406E7A6AC4163ED97ACEC203E4\\gelbooru_1383328.jpg">,
 "50092451eda62b5f271b93473563001f"=>
  #<Image:0x1fe1de8
   @md5="50092451eda62b5f271b93473563001f",
   @path=
    "H:\\tools\\at_picture_0_1_31_1\\db\\adb\\importfiles\\E3BB08406E7A6AC4163ED97ACEC203E4\\gelbooru_1385377.png">,
 "68ce0584f065a6ea9eb8e8d2f961df62"=>
  #<Image:0x1fe1b90
   @md5="68ce0584f065a6ea9eb8e8d2f961df62",
   @path=
    "H:\\tools\\at_picture_0_1_31_1\\db\\adb\\importfiles\\E3BB08406E7A6AC4163ED97ACEC203E4\\gelbooru_1441818.png">,
 "b6d4e255931c8a9451dfc44fd2cdb740"=>
  #<Image:0x1fe1938
   @md5="b6d4e255931c8a9451dfc44fd2cdb740",
   @path=
    "H:\\tools\\at_picture_0_1_31_1\\db\\adb\\importfiles\\E3BB08406E7A6AC4163ED97ACEC203E4\\gelbooru_1599740.jpg">,
 "b659fbfa167ff51ea25e73579651b1cd"=>
  #<Image:0x1fe16e0
   @md5="b659fbfa167ff51ea25e73579651b1cd",
   @path=
    "H:\\tools\\at_picture_0_1_31_1\\db\\adb\\importfiles\\E3BB08406E7A6AC4163ED97ACEC203E4\\gelbooru_1630571.jpeg">,
 "80e02b2ec3ada70e9bf6742d48976956"=>
  #<Image:0x1fe1488
   @md5="80e02b2ec3ada70e9bf6742d48976956",
   @path=
    "H:\\tools\\at_picture_0_1_31_1\\db\\adb\\importfiles\\E3BB08406E7A6AC4163ED97ACEC203E4\\gelbooru_1735418.jpg">,
 "e448ae8e621d2a6c4a3887d328ea425b"=>
  #<Image:0x1fe1230
   @md5="e448ae8e621d2a6c4a3887d328ea425b",
   @path=
    "H:\\tools\\at_picture_0_1_31_1\\db\\adb\\importfiles\\E3BB08406E7A6AC4163ED97ACEC203E4\\gelbooru_1746401.jpg">,
 "2ef0f4057c4c24aa3f89e00c0784ea70"=>
  #<Image:0x1fe0fd8
   @md5="2ef0f4057c4c24aa3f89e00c0784ea70",
   @path=
    "H:\\tools\\at_picture_0_1_31_1\\db\\adb\\importfiles\\E3BB08406E7A6AC4163ED97ACEC203E4\\gelbooru_1749955.jpg">,
 "8bcacfada4c40d50bd631b5a136ba8cb"=>
  #<Image:0x1fe0d80
   @md5="8bcacfada4c40d50bd631b5a136ba8cb",
   @path=
    "H:\\tools\\at_picture_0_1_31_1\\db\\adb\\importfiles\\E3BB08406E7A6AC4163ED97ACEC203E4\\gelbooru_1793988.jpg">,
 "23620e8b2262e7cc9a9ee03297a888ec"=>
  #<Image:0x1fe0b28
   @md5="23620e8b2262e7cc9a9ee03297a888ec",
   @path=
    "H:\\tools\\at_picture_0_1_31_1\\db\\adb\\importfiles\\E3BB08406E7A6AC4163ED97ACEC203E4\\gelbooru_1794493.jpg">,
 "12b945aec4932527a4c21c65eb4703d6"=>
  #<Image:0x1fe08d0
   @md5="12b945aec4932527a4c21c65eb4703d6",
   @path=
    "H:\\tools\\at_picture_0_1_31_1\\db\\adb\\importfiles\\E3BB08406E7A6AC4163ED97ACEC203E4\\gelbooru_1802563.jpeg">,
 "c7500d54658e96b50591d0713b2681a1"=>
  #<Image:0x1fe0678
   @md5="c7500d54658e96b50591d0713b2681a1",
   @path=
    "H:\\tools\\at_picture_0_1_31_1\\db\\adb\\importfiles\\E3BB08406E7A6AC4163ED97ACEC203E4\\gelbooru_1824502.png">,
 "4275881e95cbbf6d728502fac82fc84f"=>
  #<Image:0x1fe0420
   @md5="4275881e95cbbf6d728502fac82fc84f",
   @path=
    "H:\\tools\\at_picture_0_1_31_1\\db\\adb\\importfiles\\E3BB08406E7A6AC4163ED97ACEC203E4\\gelbooru_1976419.jpg">,
 "5386a8edf9d8d8e8db30e4d0d748b635"=>
  #<Image:0x003bdd8
   @md5="5386a8edf9d8d8e8db30e4d0d748b635",
   @path=
    "H:\\tools\\at_picture_0_1_31_1\\db\\adb\\importfiles\\E3BB08406E7A6AC4163ED97ACEC203E4\\gelbooru_1985080.png">,
 "faffc21457ad403e6698de2f0f24b58e"=>
  #<Image:0x003ab30
   @md5="faffc21457ad403e6698de2f0f24b58e",
   @path=
    "H:\\tools\\at_picture_0_1_31_1\\db\\adb\\importfiles\\E3BB08406E7A6AC4163ED97ACEC203E4\\gelbooru_2051522.jpg">,
 "7ce212f4903e19ebc0b3bc31a0620044"=>
  #<Image:0x0039990
   @md5="7ce212f4903e19ebc0b3bc31a0620044",
   @path=
    "H:\\tools\\at_picture_0_1_31_1\\db\\adb\\importfiles\\E3BB08406E7A6AC4163ED97ACEC203E4\\gelbooru_2078446.jpg">,
 "34a342a0e5ea3fa3c6cee0010cddf700"=>
  #<Image:0x0038ce8
   @md5="34a342a0e5ea3fa3c6cee0010cddf700",
   @path=
    "H:\\tools\\at_picture_0_1_31_1\\db\\adb\\importfiles\\E3BB08406E7A6AC4163ED97ACEC203E4\\gelbooru_2087598.jpg">,
 "c0b0b747147cbc8f914b5c071864e057"=>
  #<Image:0x0bb7fa0
   @md5="c0b0b747147cbc8f914b5c071864e057",
   @path=
    "H:\\tools\\at_picture_0_1_31_1\\db\\adb\\importfiles\\E3BB08406E7A6AC4163ED97ACEC203E4\\gelbooru_2110917.jpg">,
 "1b2c8cb6e7feaafe6916faed6f6fd82c"=>
  #<Image:0x0bbf2f0
   @md5="1b2c8cb6e7feaafe6916faed6f6fd82c",
   @path=
    "H:\\tools\\at_picture_0_1_31_1\\db\\adb\\importfiles\\5CDD7164F4370F00F541F6072F28776C\\mr6209.jpg">,
 "2a18ebc24656a26c5e0cfd683b7ba2bc"=>
  #<Image:0x0bb48b0
   @md5="2a18ebc24656a26c5e0cfd683b7ba2bc",
   @path=
    "H:\\tools\\at_picture_0_1_31_1\\db\\adb\\importfiles\\E3BB08406E7A6AC4163ED97ACEC203E4\\gelbooru_2279713.jpg">}
